[INFO ] 2022-12-20 06:25:51.212 [main] MyShopV1 - Url Opened
[INFO ] 2022-12-20 06:25:52.463 [main] MyShopV1 - Account and List hover
[INFO ] 2022-12-20 06:25:55.048 [main] MyShopV1 - Sign in button is clicked
[INFO ] 2022-12-20 06:25:55.928 [main] MyShopV1 - Email or mobile phone number entered
[INFO ] 2022-12-20 06:25:57.157 [main] MyShopV1 - Clicked on Continue button
[INFO ] 2022-12-20 06:25:57.414 [main] MyShopV1 - Enetered password
[INFO ] 2022-12-20 06:25:57.604 [main] MyShopV1 - Clicked on Sign in button
[INFO ] 2022-12-20 06:26:02.356 [main] MyShopV1 - Logged in with registered user
[INFO ] 2022-12-20 06:26:02.915 [main] MyShopV1 - Account and List hover
[INFO ] 2022-12-20 06:26:05.325 [main] MyShopV1 - Sign out button is clicked
[INFO ] 2022-12-20 06:29:01.799 [main] MyShopV1 - Url Opened
[INFO ] 2022-12-20 06:29:03.251 [main] MyShopV1 - Account and List hover
[INFO ] 2022-12-20 06:29:05.943 [main] MyShopV1 - Sign in button is clicked
[INFO ] 2022-12-20 06:29:06.976 [main] MyShopV1 - Email or mobile phone number entered
[INFO ] 2022-12-20 06:29:08.686 [main] MyShopV1 - Clicked on Continue button
[INFO ] 2022-12-20 06:29:08.854 [main] MyShopV1 - Enetered password
[INFO ] 2022-12-20 06:29:09.089 [main] MyShopV1 - Clicked on Sign in button
[INFO ] 2022-12-20 06:29:14.424 [main] MyShopV1 - Logged in with registered user
[INFO ] 2022-12-20 06:29:14.778 [main] MyShopV1 - Account and List hover
[INFO ] 2022-12-20 06:29:18.069 [main] MyShopV1 - Sign out button is clicked
[INFO ] 2022-12-20 06:30:56.279 [main] MyShopV1 - Url Opened
[INFO ] 2022-12-20 06:30:57.135 [main] MyShopV1 - Account and List hover
[INFO ] 2022-12-20 06:30:59.446 [main] MyShopV1 - Sign in button is clicked
[INFO ] 2022-12-20 06:30:59.808 [main] MyShopV1 - Email or mobile phone number entered
[INFO ] 2022-12-20 06:31:02.064 [main] MyShopV1 - Clicked on Continue button
[INFO ] 2022-12-20 06:31:02.286 [main] MyShopV1 - Enetered password
[INFO ] 2022-12-20 06:31:02.579 [main] MyShopV1 - Clicked on Sign in button
[INFO ] 2022-12-20 06:31:07.284 [main] MyShopV1 - Logged in with registered user
[INFO ] 2022-12-20 06:31:07.798 [main] MyShopV1 - Account and List hover
[INFO ] 2022-12-20 06:31:11.845 [main] MyShopV1 - Sign out button is clicked
[INFO ] 2022-12-20 06:33:43.551 [main] MyShopV1 - Url Opened
[INFO ] 2022-12-20 06:33:44.979 [main] MyShopV1 - Account and List hover
[INFO ] 2022-12-20 06:33:47.939 [main] MyShopV1 - Sign in button is clicked
[INFO ] 2022-12-20 06:33:48.306 [main] MyShopV1 - Email or mobile phone number entered
[INFO ] 2022-12-20 06:33:50.383 [main] MyShopV1 - Clicked on Continue button
[INFO ] 2022-12-20 06:33:50.631 [main] MyShopV1 - Enetered password
[INFO ] 2022-12-20 06:33:50.826 [main] MyShopV1 - Clicked on Sign in button
[INFO ] 2022-12-20 06:33:55.532 [main] MyShopV1 - Logged in with registered user
[INFO ] 2022-12-20 06:33:56.943 [main] MyShopV1 - Account and List hover
[INFO ] 2022-12-20 06:33:59.959 [main] MyShopV1 - Sign out button is clicked
